<?xml version="1.0" encoding="UTF-8"?>
<testsuite xmlns:xsi="http://www.w3.org/2001/XMLSchema-instance" xsi:noNamespaceSchemaLocation="https://maven.apache.org/surefire/maven-surefire-plugin/xsd/surefire-test-report-3.0.xsd" version="3.0" name="com.nzitjmed.week1.day03.AccountTest" time="0.024" tests="5" errors="0" skipped="0" failures="0">
  <properties>
[...]
</properties>
  <testcase name="testWithdrawInsufficientFunds" classname="com.nzitjmed.week1.day03.AccountTest" time="0.019"/>
  <testcase name="testCompareTo" classname="com.nzitjmed.week1.day03.AccountTest" time="0.0"/>
  <testcase name="testDeposit" classname="com.nzitjmed.week1.day03.AccountTest" time="0.0"/>
  <testcase name="testEquals" classname="com.nzitjmed.week1.day03.AccountTest" time="0.0"/>
  <testcase name="testTransferTo" classname="com.nzitjmed.week1.day03.AccountTest" time="0.001"/>
</testsuite>